# JRE version: OpenJDK Runtime Environment (11.0.2+9) (build 11.0.2+9)
# Java VM: OpenJDK 64-Bit Server VM (11.0.2+9, mixed mode, tiered, compressed oops, g1 gc, windows-amd64)
Heap:
 garbage-first heap   total 258048K, used 105889K [0x0000000080000000, 0x0000000100000000)
  region size 1024K, 84 young (86016K), 6 survivors (6144K)
 Metaspace       used 41891K, capacity 42993K, committed 43184K, reserved 555008K
  class space    used 5323K, capacity 5771K, committed 5888K, reserved 516096K
GC Heap History (10 events):
Event: 3.528 GC heap before
{Heap before GC invocations=0 (full 0):
 garbage-first heap   total 258048K, used 28672K [0x0000000080000000, 0x0000000100000000)
  region size 1024K, 24 young (24576K), 0 survivors (0K)
 Metaspace       used 9909K, capacity 10107K, committed 10368K, reserved 526336K
  class space    used 1010K, capacity 1074K, committed 1152K, reserved 516096K
}
Event: 3.718 GC heap after
{Heap after GC invocations=1 (full 0):
 garbage-first heap   total 258048K, used 10477K [0x0000000080000000, 0x0000000100000000)
  region size 1024K, 3 young (3072K), 3 survivors (3072K)
 Metaspace       used 9909K, capacity 10107K, committed 10368K, reserved 526336K
  class space    used 1010K, capacity 1074K, committed 1152K, reserved 516096K
}
Event: 11.329 GC heap before
{Heap before GC invocations=1 (full 0):
 garbage-first heap   total 258048K, used 113901K [0x0000000080000000, 0x0000000100000000)
  region size 1024K, 105 young (107520K), 3 survivors (3072K)
 Metaspace       used 20825K, capacity 21234K, committed 21296K, reserved 536576K
  class space    used 2517K, capacity 2686K, committed 2688K, reserved 516096K
}
Event: 11.437 GC heap after
{Heap after GC invocations=2 (full 0):
 garbage-first heap   total 258048K, used 17789K [0x0000000080000000, 0x0000000100000000)
  region size 1024K, 11 young (11264K), 11 survivors (11264K)
 Metaspace       used 20825K, capacity 21234K, committed 21296K, reserved 536576K
  class space    used 2517K, capacity 2686K, committed 2688K, reserved 516096K
}
Event: 11.899 GC heap before
{Heap before GC invocations=3 (full 0):
 garbage-first heap   total 258048K, used 24957K [0x0000000080000000, 0x0000000100000000)
  region size 1024K, 18 young (18432K), 11 survivors (11264K)
 Metaspace       used 21725K, capacity 22221K, committed 22576K, reserved 536576K
  class space    used 2651K, capacity 2823K, committed 2944K, reserved 516096K
}
Event: 11.933 GC heap after
{Heap after GC invocations=4 (full 0):
 garbage-first heap   total 258048K, used 18966K [0x0000000080000000, 0x0000000100000000)
  region size 1024K, 1 young (1024K), 1 survivors (1024K)
 Metaspace       used 21725K, capacity 22221K, committed 22576K, reserved 536576K
  class space    used 2651K, capacity 2823K, committed 2944K, reserved 516096K
}
Event: 21.922 GC heap before
{Heap before GC invocations=4 (full 0):
 garbage-first heap   total 258048K, used 135702K [0x0000000080000000, 0x0000000100000000)
  region size 1024K, 115 young (117760K), 1 survivors (1024K)
 Metaspace       used 33516K, capacity 34334K, committed 34480K, reserved 546816K
  class space    used 4418K, capacity 4742K, committed 4864K, reserved 516096K
}
Event: 21.927 GC heap after
{Heap after GC invocations=5 (full 0):
 garbage-first heap   total 258048K, used 23204K [0x0000000080000000, 0x0000000100000000)
  region size 1024K, 5 young (5120K), 5 survivors (5120K)
 Metaspace       used 33516K, capacity 34334K, committed 34480K, reserved 546816K
  class space    used 4418K, capacity 4742K, committed 4864K, reserved 516096K
}
Event: 22.079 GC heap before
{Heap before GC invocations=5 (full 0):
 garbage-first heap   total 258048K, used 27300K [0x0000000080000000, 0x0000000100000000)
  region size 1024K, 10 young (10240K), 5 survivors (5120K)
 Metaspace       used 34892K, capacity 35763K, committed 35888K, reserved 548864K
  class space    used 4506K, capacity 4877K, committed 4992K, reserved 516096K
}
Event: 22.090 GC heap after
{Heap after GC invocations=6 (full 0):
 garbage-first heap   total 258048K, used 23969K [0x0000000080000000, 0x0000000100000000)
  region size 1024K, 6 young (6144K), 6 survivors (6144K)
 Metaspace       used 34892K, capacity 35763K, committed 35888K, reserved 548864K
  class space    used 4506K, capacity 4877K, committed 4992K, reserved 516096K
}

